* using log directory 'D:/rbuild/svcR/svcR.Rcheck'
* using Version 2.3.0 (2006-04-24)
* checking for file 'svcR/DESCRIPTION' ... OK
* this is package 'svcR' version '1.1'
* checking package dependencies ... OK
* checking if this is a source package ... OK
* checking whether package 'svcR' can be installed ... OK
* checking package directory ... OK
* checking for portable file names ... OK
* checking DESCRIPTION meta-information ... OK
* checking top-level files ... OK
* checking index information ... OK
* checking package subdirectories ... OK
* checking R files for syntax errors ... OK
* checking R files for library.dynam ... OK
* checking S3 generic/method consistency ... OK
* checking replacement functions ... OK
* checking foreign function calls ... OK
* checking Rd files ... OK
* checking for missing documentation entries ... OK
* checking for code/documentation mismatches ... OK
* checking Rd \usage sections ... OK
* creating svcR-Ex.R ... OK
* checking examples ... OK
* creating svcR-manual.tex ... OK
* checking svcR-manual.tex ... OK
