installing R.css in D:/rbuild/svcR/svcR.Rcheck


---------- Making package svcR ------------
  adding build stamp to DESCRIPTION
  installing NAMESPACE file and metadata
  installing R files
  installing data files
  installing man source files
  installing indices
  not zipping data
  installing help
 >>> Building/Updating help pages for package 'svcR'
     Formats: text html latex example chm 
  iris_att                          text    html    latex           chm
  iris_mat                          text    html    latex           chm
  iris_var                          text    html    latex           chm
  svcR                              text    html    latex   example chm
Microsoft HTML Help Compiler 4.74.8702

Compiling d:\RBuild\svcR\chm\svcR.chm


Compile time: 0 minutes, 1 second
5	Topics
8	Local links
1	Internet link
1	Graphic


Created d:\RBuild\svcR\chm\svcR.chm, 18,433 bytes
Compression increased file by 6,005 bytes.
  preparing package svcR for lazy loading
  adding MD5 sums

* DONE (svcR)
